DEB [20180111-21:28:39.428] thr=1   paramiko.transport: starting thread (client mode): 0xfa8e1470
DEB [20180111-21:28:39.429] thr=1   paramiko.transport: Local version/idstring: SSH-2.0-paramiko_2.4.0
DEB [20180111-21:28:39.485] thr=1   paramiko.transport: Remote version/idstring: SSH-2.0-OpenSSH_6.6.1
INF [20180111-21:28:39.485] thr=1   paramiko.transport: Connected (version 2.0, client OpenSSH_6.6.1)
DEB [20180111-21:28:39.492] thr=1   paramiko.transport: kex algos:['curve25519-sha256@libssh.org', 'ecdh-sha2-nistp256', 'ecdh-sha2-nistp384', 'ecdh-sha2-nistp521', 'diffie-hellman-group-exchange-sha256', 'diffie-hellman-group-exchange-sha1', 'diffie-hellman-group14-sha1', 'diffie-hellman-group1-sha1'] server key:['ssh-rsa', 'ecdsa-sha2-nistp256', 'ssh-ed25519'] client encrypt:['aes128-ctr', 'aes192-ctr', 'aes256-ctr', 'arcfour256', 'arcfour128', 'aes128-gcm@openssh.com', 'aes256-gcm@openssh.com', 'chacha20-poly1305@openssh.com', 'aes128-cbc', '3des-cbc', 'blowfish-cbc', 'cast128-cbc', 'aes192-cbc', 'aes256-cbc', 'arcfour', 'rijndael-cbc@lysator.liu.se'] server encrypt:['aes128-ctr', 'aes192-ctr', 'aes256-ctr', 'arcfour256', 'arcfour128', 'aes128-gcm@openssh.com', 'aes256-gcm@openssh.com', 'chacha20-poly1305@openssh.com', 'aes128-cbc', '3des-cbc', 'blowfish-cbc', 'cast128-cbc', 'aes192-cbc', 'aes256-cbc', 'arcfour', 'rijndael-cbc@lysator.liu.se'] client mac:['hmac-md5-etm@openssh.com', 'hmac-sha1-etm@openssh.com', 'umac-64-etm@openssh.com', 'umac-128-etm@openssh.com', 'hmac-sha2-256-etm@openssh.com', 'hmac-sha2-512-etm@openssh.com', 'hmac-ripemd160-etm@openssh.com', 'hmac-sha1-96-etm@openssh.com', 'hmac-md5-96-etm@openssh.com', 'hmac-md5', 'hmac-sha1', 'umac-64@openssh.com', 'umac-128@openssh.com', 'hmac-sha2-256', 'hmac-sha2-512', 'hmac-ripemd160', 'hmac-ripemd160@openssh.com', 'hmac-sha1-96', 'hmac-md5-96'] server mac:['hmac-md5-etm@openssh.com', 'hmac-sha1-etm@openssh.com', 'umac-64-etm@openssh.com', 'umac-128-etm@openssh.com', 'hmac-sha2-256-etm@openssh.com', 'hmac-sha2-512-etm@openssh.com', 'hmac-ripemd160-etm@openssh.com', 'hmac-sha1-96-etm@openssh.com', 'hmac-md5-96-etm@openssh.com', 'hmac-md5', 'hmac-sha1', 'umac-64@openssh.com', 'umac-128@openssh.com', 'hmac-sha2-256', 'hmac-sha2-512', 'hmac-ripemd160', 'hmac-ripemd160@openssh.com', 'hmac-sha1-96', 'hmac-md5-96'] client compress:['none', 'zlib@openssh.com'] server compress:['none', 'zlib@openssh.com'] client lang:[''] server lang:[''] kex follows?False
DEB [20180111-21:28:39.493] thr=1   paramiko.transport: Kex agreed: ecdh-sha2-nistp256
DEB [20180111-21:28:39.493] thr=1   paramiko.transport: HostKey agreed: ssh-ed25519
DEB [20180111-21:28:39.493] thr=1   paramiko.transport: Cipher agreed: aes128-ctr
DEB [20180111-21:28:39.493] thr=1   paramiko.transport: MAC agreed: hmac-sha2-256
DEB [20180111-21:28:39.493] thr=1   paramiko.transport: Compression agreed: none
DEB [20180111-21:28:39.876] thr=1   paramiko.transport: kex engine KexNistp256 specified hash_algo <built-in function openssl_sha256>
DEB [20180111-21:28:39.877] thr=1   paramiko.transport: Switch to new keys ...
DEB [20180111-21:28:56.927] thr=1   paramiko.transport: userauth is OK
INF [20180111-21:28:56.968] thr=1   paramiko.transport: Authentication (password) successful!
DEB [20180111-21:28:56.968] thr=2   paramiko.transport: [chan 0] Max packet in: 32768 bytes
DEB [20180111-21:28:57.188] thr=1   paramiko.transport: [chan 0] Max packet out: 32768 bytes
DEB [20180111-21:28:57.188] thr=1   paramiko.transport: Secsh channel 0 opened.
DEB [20180111-21:28:57.193] thr=1   paramiko.transport: [chan 0] Sesch channel 0 request ok
DEB [20180111-21:28:57.204] thr=1   paramiko.transport: [chan 0] Sesch channel 0 request ok
DEB [20180111-21:29:41.348] thr=1   paramiko.transport: [chan 0] EOF received (0)
DEB [20180111-21:29:41.349] thr=2   paramiko.transport: [chan 0] EOF sent (0)
DEB [20180111-22:45:27.108] thr=1   paramiko.transport: starting thread (client mode): 0x2081a6d8
DEB [20180111-22:45:27.210] thr=1   paramiko.transport: Local version/idstring: SSH-2.0-paramiko_2.4.0
DEB [20180111-22:45:27.211] thr=1   paramiko.transport: Remote version/idstring: SSH-2.0-OpenSSH_6.6.1
INF [20180111-22:45:27.211] thr=1   paramiko.transport: Connected (version 2.0, client OpenSSH_6.6.1)
DEB [20180111-22:45:27.215] thr=1   paramiko.transport: kex algos:['curve25519-sha256@libssh.org', 'ecdh-sha2-nistp256', 'ecdh-sha2-nistp384', 'ecdh-sha2-nistp521', 'diffie-hellman-group-exchange-sha256', 'diffie-hellman-group-exchange-sha1', 'diffie-hellman-group14-sha1', 'diffie-hellman-group1-sha1'] server key:['ssh-rsa', 'ecdsa-sha2-nistp256', 'ssh-ed25519'] client encrypt:['aes128-ctr', 'aes192-ctr', 'aes256-ctr', 'arcfour256', 'arcfour128', 'aes128-gcm@openssh.com', 'aes256-gcm@openssh.com', 'chacha20-poly1305@openssh.com', 'aes128-cbc', '3des-cbc', 'blowfish-cbc', 'cast128-cbc', 'aes192-cbc', 'aes256-cbc', 'arcfour', 'rijndael-cbc@lysator.liu.se'] server encrypt:['aes128-ctr', 'aes192-ctr', 'aes256-ctr', 'arcfour256', 'arcfour128', 'aes128-gcm@openssh.com', 'aes256-gcm@openssh.com', 'chacha20-poly1305@openssh.com', 'aes128-cbc', '3des-cbc', 'blowfish-cbc', 'cast128-cbc', 'aes192-cbc', 'aes256-cbc', 'arcfour', 'rijndael-cbc@lysator.liu.se'] client mac:['hmac-md5-etm@openssh.com', 'hmac-sha1-etm@openssh.com', 'umac-64-etm@openssh.com', 'umac-128-etm@openssh.com', 'hmac-sha2-256-etm@openssh.com', 'hmac-sha2-512-etm@openssh.com', 'hmac-ripemd160-etm@openssh.com', 'hmac-sha1-96-etm@openssh.com', 'hmac-md5-96-etm@openssh.com', 'hmac-md5', 'hmac-sha1', 'umac-64@openssh.com', 'umac-128@openssh.com', 'hmac-sha2-256', 'hmac-sha2-512', 'hmac-ripemd160', 'hmac-ripemd160@openssh.com', 'hmac-sha1-96', 'hmac-md5-96'] server mac:['hmac-md5-etm@openssh.com', 'hmac-sha1-etm@openssh.com', 'umac-64-etm@openssh.com', 'umac-128-etm@openssh.com', 'hmac-sha2-256-etm@openssh.com', 'hmac-sha2-512-etm@openssh.com', 'hmac-ripemd160-etm@openssh.com', 'hmac-sha1-96-etm@openssh.com', 'hmac-md5-96-etm@openssh.com', 'hmac-md5', 'hmac-sha1', 'umac-64@openssh.com', 'umac-128@openssh.com', 'hmac-sha2-256', 'hmac-sha2-512', 'hmac-ripemd160', 'hmac-ripemd160@openssh.com', 'hmac-sha1-96', 'hmac-md5-96'] client compress:['none', 'zlib@openssh.com'] server compress:['none', 'zlib@openssh.com'] client lang:[''] server lang:[''] kex follows?False
DEB [20180111-22:45:27.215] thr=1   paramiko.transport: Kex agreed: ecdh-sha2-nistp256
DEB [20180111-22:45:27.216] thr=1   paramiko.transport: HostKey agreed: ssh-ed25519
DEB [20180111-22:45:27.216] thr=1   paramiko.transport: Cipher agreed: aes128-ctr
DEB [20180111-22:45:27.216] thr=1   paramiko.transport: MAC agreed: hmac-sha2-256
DEB [20180111-22:45:27.216] thr=1   paramiko.transport: Compression agreed: none
DEB [20180111-22:45:27.338] thr=1   paramiko.transport: kex engine KexNistp256 specified hash_algo <built-in function openssl_sha256>
DEB [20180111-22:45:27.338] thr=1   paramiko.transport: Switch to new keys ...
DEB [20180111-22:45:36.004] thr=1   paramiko.transport: userauth is OK
INF [20180111-22:45:36.034] thr=1   paramiko.transport: Authentication (password) successful!
DEB [20180111-22:45:36.035] thr=2   paramiko.transport: [chan 0] Max packet in: 32768 bytes
DEB [20180111-22:45:36.243] thr=1   paramiko.transport: [chan 0] Max packet out: 32768 bytes
DEB [20180111-22:45:36.243] thr=1   paramiko.transport: Secsh channel 0 opened.
DEB [20180111-22:45:36.257] thr=1   paramiko.transport: [chan 0] Sesch channel 0 request ok
DEB [20180111-22:45:36.265] thr=1   paramiko.transport: [chan 0] Sesch channel 0 request ok
